19-03-23 14:47:43 INFO {13028-8680 Main._store:153} start collecting results information.........
19-03-23 14:47:44 INFO {13028-7624 Main.init_db:41} database initialization completed
19-03-23 14:47:44 INFO {13028-7624 Main._run:124} tasks start running
19-03-23 14:47:57 INFO {13028-7624 Main._run:150} task is finished
19-03-23 14:49:26 INFO {12156-4176 Main._store:153} start collecting results information.........
19-03-23 14:49:27 INFO {12156-13380 Main.init_db:41} database initialization completed
19-03-23 14:49:27 INFO {12156-13380 Main._run:124} tasks start running
19-03-23 14:49:41 INFO {12156-13380 Main._run:150} task is finished
19-03-23 14:49:41 INFO {12156-13380 Main._create_report:170} start creating reports.........
19-03-23 14:49:41 INFO {12156-13380 Main._create_report:173} report completion.........
19-03-23 14:52:04 INFO {16184-9192 Main._store:153} start collecting results information.........
19-03-23 14:52:05 INFO {16184-16876 Main.init_db:41} database initialization completed
19-03-23 14:52:05 INFO {16184-16876 Main._run:124} tasks start running
19-03-23 14:52:20 INFO {16184-16876 Main._run:150} task is finished
19-03-23 14:52:20 INFO {16184-16876 Main._create_report:170} start creating reports.........
19-03-23 14:52:20 INFO {16184-16876 Main._create_report:173} report completion.........
19-03-23 15:17:34 INFO {3448-2960 Main._store:153} start collecting results information.........
19-03-23 15:17:35 INFO {3448-13812 Main.init_db:41} database initialization completed
19-03-23 15:17:35 INFO {3448-13812 Main._run:124} tasks start running
19-03-23 15:17:52 INFO {3448-13812 Main._run:150} task is finished
19-03-23 15:17:52 INFO {3448-13812 Main._create_report:170} start creating reports.........
19-03-23 15:17:52 INFO {3448-13812 Main._create_report:173} report completion [F:/gitproject/assetscan\repertory\2019-03-23_15_17_34\report.html]
